{
  "0 debug pnpm:scope": {
    "selected": 1
  },
  "1 debug pnpm:package-manifest": {
    "initial": {},
    "prefix": "D:\\.pnpm-store\\v3\\tmp\\dlx-13836"
  },
  "2 debug pnpm:context": {
    "currentLockfileExists": false,
    "storeDir": "D:\\.pnpm-store\\v3",
    "virtualStoreDir": "D:\\.pnpm-store\\v3\\tmp\\dlx-13836\\node_modules\\.pnpm"
  },
  "3 debug pnpm:stage": {
    "prefix": "D:\\.pnpm-store\\v3\\tmp\\dlx-13836",
    "stage": "resolution_started"
  },
  "4 debug pnpm:_dependency_resolved": {
    "resolution": "registry.npmjs.org/create-svelte/2.0.0-next.152",
    "wanted": {
      "dependentId": ".",
      "name": "create-svelte",
      "rawSpec": "latest"
    }
  },
  "5 debug pnpm:progress": {
    "packageId": "registry.npmjs.org/create-svelte/2.0.0-next.152",
    "requester": "D:\\.pnpm-store\\v3\\tmp\\dlx-13836",
    "status": "resolved"
  },
  "6 debug pnpm:_dependency_resolved": {
    "resolution": "registry.npmjs.org/kleur/4.1.5",
    "wanted": {
      "dependentId": "/create-svelte/2.0.0-next.152",
      "name": "kleur",
      "rawSpec": "^4.1.4"
    }
  },
  "7 debug pnpm:progress": {
    "packageId": "registry.npmjs.org/kleur/4.1.5",
    "requester": "D:\\.pnpm-store\\v3\\tmp\\dlx-13836",
    "status": "resolved"
  },
  "8 debug pnpm:progress": {
    "packageId": "registry.npmjs.org/kleur/4.1.5",
    "requester": "D:\\.pnpm-store\\v3\\tmp\\dlx-13836",
    "status": "found_in_store"
  },
  "9 debug pnpm:fetching-progress": {
    "attempt": 1,
    "packageId": "registry.npmjs.org/create-svelte/2.0.0-next.152",
    "size": 484863,
    "status": "started"
  },
  "10 debug pnpm:_dependency_resolved": {
    "resolution": "registry.npmjs.org/prompts/2.4.2",
    "wanted": {
      "dependentId": "/create-svelte/2.0.0-next.152",
      "name": "prompts",
      "rawSpec": "^2.4.2"
    }
  },
  "11 debug pnpm:progress": {
    "packageId": "registry.npmjs.org/prompts/2.4.2",
    "requester": "D:\\.pnpm-store\\v3\\tmp\\dlx-13836",
    "status": "resolved"
  },
  "12 debug pnpm:_dependency_resolved": {
    "resolution": "registry.npmjs.org/kleur/3.0.3",
    "wanted": {
      "dependentId": "/prompts/2.4.2",
      "name": "kleur",
      "rawSpec": "^3.0.3"
    }
  },
  "13 debug pnpm:progress": {
    "packageId": "registry.npmjs.org/kleur/3.0.3",
    "requester": "D:\\.pnpm-store\\v3\\tmp\\dlx-13836",
    "status": "resolved"
  },
  "14 debug pnpm:progress": {
    "packageId": "registry.npmjs.org/prompts/2.4.2",
    "requester": "D:\\.pnpm-store\\v3\\tmp\\dlx-13836",
    "status": "found_in_store"
  },
  "15 debug pnpm:progress": {
    "packageId": "registry.npmjs.org/kleur/3.0.3",
    "requester": "D:\\.pnpm-store\\v3\\tmp\\dlx-13836",
    "status": "found_in_store"
  },
  "16 debug pnpm:_dependency_resolved": {
    "resolution": "registry.npmjs.org/sisteransi/1.0.5",
    "wanted": {
      "dependentId": "/prompts/2.4.2",
      "name": "sisteransi",
      "rawSpec": "^1.0.5"
    }
  },
  "17 debug pnpm:progress": {
    "packageId": "registry.npmjs.org/sisteransi/1.0.5",
    "requester": "D:\\.pnpm-store\\v3\\tmp\\dlx-13836",
    "status": "resolved"
  },
  "18 debug pnpm:package-manifest": {
    "prefix": "D:\\.pnpm-store\\v3\\tmp\\dlx-13836",
    "updated": {
      "dependencies": {
        "create-svelte": "2.0.0-next.152"
      }
    }
  },
  "19 debug pnpm:package-manifest": {
    "prefix": "D:\\.pnpm-store\\v3\\tmp\\dlx-13836",
    "updated": {
      "dependencies": {
        "create-svelte": "2.0.0-next.152"
      }
    }
  },
  "20 debug pnpm:stage": {
    "prefix": "D:\\.pnpm-store\\v3\\tmp\\dlx-13836",
    "stage": "resolution_done"
  },
  "21 debug pnpm:stats": {
    "prefix": "D:\\.pnpm-store\\v3\\tmp\\dlx-13836",
    "removed": 0
  },
  "22 debug pnpm:stage": {
    "prefix": "D:\\.pnpm-store\\v3\\tmp\\dlx-13836",
    "stage": "importing_started"
  },
  "23 debug pnpm:stats": {
    "added": 5,
    "prefix": "D:\\.pnpm-store\\v3\\tmp\\dlx-13836"
  },
  "24 debug pnpm:progress": {
    "packageId": "registry.npmjs.org/sisteransi/1.0.5",
    "requester": "D:\\.pnpm-store\\v3\\tmp\\dlx-13836",
    "status": "found_in_store"
  },
  "25 debug pnpm:link": {
    "target": "D:\\.pnpm-store\\v3\\tmp\\dlx-13836\\node_modules\\.pnpm\\kleur@4.1.5\\node_modules\\kleur",
    "link": "D:\\.pnpm-store\\v3\\tmp\\dlx-13836\\node_modules\\.pnpm\\create-svelte@2.0.0-next.152\\node_modules\\kleur"
  },
  "26 debug pnpm:link": {
    "target": "D:\\.pnpm-store\\v3\\tmp\\dlx-13836\\node_modules\\.pnpm\\prompts@2.4.2\\node_modules\\prompts",
    "link": "D:\\.pnpm-store\\v3\\tmp\\dlx-13836\\node_modules\\.pnpm\\create-svelte@2.0.0-next.152\\node_modules\\prompts"
  },
  "27 debug pnpm:link": {
    "target": "D:\\.pnpm-store\\v3\\tmp\\dlx-13836\\node_modules\\.pnpm\\kleur@3.0.3\\node_modules\\kleur",
    "link": "D:\\.pnpm-store\\v3\\tmp\\dlx-13836\\node_modules\\.pnpm\\prompts@2.4.2\\node_modules\\kleur"
  },
  "28 debug pnpm:link": {
    "target": "D:\\.pnpm-store\\v3\\tmp\\dlx-13836\\node_modules\\.pnpm\\sisteransi@1.0.5\\node_modules\\sisteransi",
    "link": "D:\\.pnpm-store\\v3\\tmp\\dlx-13836\\node_modules\\.pnpm\\prompts@2.4.2\\node_modules\\sisteransi"
  },
  "29 debug pnpm:package-import-method": {
    "method": "hardlink"
  },
  "30 debug pnpm:progress": {
    "method": "hardlink",
    "requester": "D:\\.pnpm-store\\v3\\tmp\\dlx-13836",
    "status": "imported",
    "to": "D:\\.pnpm-store\\v3\\tmp\\dlx-13836\\node_modules\\.pnpm\\kleur@4.1.5\\node_modules\\kleur"
  },
  "31 debug pnpm:package-import-method": {
    "method": "hardlink"
  },
  "32 debug pnpm:progress": {
    "method": "hardlink",
    "requester": "D:\\.pnpm-store\\v3\\tmp\\dlx-13836",
    "status": "imported",
    "to": "D:\\.pnpm-store\\v3\\tmp\\dlx-13836\\node_modules\\.pnpm\\kleur@3.0.3\\node_modules\\kleur"
  },
  "33 debug pnpm:package-import-method": {
    "method": "hardlink"
  },
  "34 debug pnpm:progress": {
    "method": "hardlink",
    "requester": "D:\\.pnpm-store\\v3\\tmp\\dlx-13836",
    "status": "imported",
    "to": "D:\\.pnpm-store\\v3\\tmp\\dlx-13836\\node_modules\\.pnpm\\sisteransi@1.0.5\\node_modules\\sisteransi"
  },
  "35 debug pnpm:package-import-method": {
    "method": "hardlink"
  },
  "36 debug pnpm:progress": {
    "method": "hardlink",
    "requester": "D:\\.pnpm-store\\v3\\tmp\\dlx-13836",
    "status": "imported",
    "to": "D:\\.pnpm-store\\v3\\tmp\\dlx-13836\\node_modules\\.pnpm\\prompts@2.4.2\\node_modules\\prompts"
  },
  "37 debug pnpm:progress": {
    "packageId": "registry.npmjs.org/create-svelte/2.0.0-next.152",
    "requester": "D:\\.pnpm-store\\v3\\tmp\\dlx-13836",
    "status": "fetched"
  },
  "38 debug pnpm:progress": {
    "method": "hardlink",
    "requester": "D:\\.pnpm-store\\v3\\tmp\\dlx-13836",
    "status": "imported",
    "to": "D:\\.pnpm-store\\v3\\tmp\\dlx-13836\\node_modules\\.pnpm\\create-svelte@2.0.0-next.152\\node_modules\\create-svelte"
  },
  "39 debug pnpm:stage": {
    "prefix": "D:\\.pnpm-store\\v3\\tmp\\dlx-13836",
    "stage": "importing_done"
  },
  "40 debug pnpm:link": {
    "target": "D:\\.pnpm-store\\v3\\tmp\\dlx-13836\\node_modules\\.pnpm\\create-svelte@2.0.0-next.152\\node_modules\\create-svelte",
    "link": "D:\\.pnpm-store\\v3\\tmp\\dlx-13836\\node_modules\\create-svelte"
  },
  "41 debug pnpm:root": {
    "added": {
      "dependencyType": "prod",
      "id": "registry.npmjs.org/create-svelte/2.0.0-next.152",
      "name": "create-svelte",
      "realName": "create-svelte",
      "version": "2.0.0-next.152"
    },
    "prefix": "D:\\.pnpm-store\\v3\\tmp\\dlx-13836"
  },
  "42 debug pnpm:link": {
    "target": "D:\\.pnpm-store\\v3\\tmp\\dlx-13836\\node_modules\\.pnpm\\kleur@4.1.5\\node_modules\\kleur",
    "link": "D:\\.pnpm-store\\v3\\tmp\\dlx-13836\\node_modules\\.pnpm\\node_modules\\kleur"
  },
  "43 debug pnpm:link": {
    "target": "D:\\.pnpm-store\\v3\\tmp\\dlx-13836\\node_modules\\.pnpm\\prompts@2.4.2\\node_modules\\prompts",
    "link": "D:\\.pnpm-store\\v3\\tmp\\dlx-13836\\node_modules\\.pnpm\\node_modules\\prompts"
  },
  "44 debug pnpm:link": {
    "target": "D:\\.pnpm-store\\v3\\tmp\\dlx-13836\\node_modules\\.pnpm\\sisteransi@1.0.5\\node_modules\\sisteransi",
    "link": "D:\\.pnpm-store\\v3\\tmp\\dlx-13836\\node_modules\\.pnpm\\node_modules\\sisteransi"
  },
  "45 debug pnpm:summary": {
    "prefix": "D:\\.pnpm-store\\v3\\tmp\\dlx-13836"
  },
  "46 error pnpm": {
    "shortMessage": "Command failed with exit code 1: D:\\.pnpm-store\\v3\\tmp\\dlx-13836\\node_modules\\.bin\\create-svelte.CMD",
    "command": "D:\\.pnpm-store\\v3\\tmp\\dlx-13836\\node_modules\\.bin\\create-svelte.CMD",
    "escapedCommand": "\"D:\\.pnpm-store\\v3\\tmp\\dlx-13836\\node_modules\\.bin\\create-svelte.CMD\"",
    "exitCode": 1,
    "failed": true,
    "timedOut": false,
    "isCanceled": false,
    "killed": false,
    "err": {
      "name": "pnpm",
      "message": "Command failed with exit code 1: D:\\.pnpm-store\\v3\\tmp\\dlx-13836\\node_modules\\.bin\\create-svelte.CMD",
      "stack": "pnpm: Command failed with exit code 1: D:\\.pnpm-store\\v3\\tmp\\dlx-13836\\node_modules\\.bin\\create-svelte.CMD\n    at makeError (C:\\Users\\tommy\\.node\\corepack\\pnpm\\7.3.0\\dist\\pnpm.cjs:22159:17)\n    at handlePromise (C:\\Users\\tommy\\.node\\corepack\\pnpm\\7.3.0\\dist\\pnpm.cjs:22730:33)\n    at runMicrotasks (<anonymous>)\n    at processTicksAndRejections (node:internal/process/task_queues:96:5)\n    at async Object.handler (C:\\Users\\tommy\\.node\\corepack\\pnpm\\7.3.0\\dist\\pnpm.cjs:179221:7)\n    at async C:\\Users\\tommy\\.node\\corepack\\pnpm\\7.3.0\\dist\\pnpm.cjs:187855:21\n    at async run (C:\\Users\\tommy\\.node\\corepack\\pnpm\\7.3.0\\dist\\pnpm.cjs:187829:34)\n    at async runPnpm (C:\\Users\\tommy\\.node\\corepack\\pnpm\\7.3.0\\dist\\pnpm.cjs:188047:5)\n    at async C:\\Users\\tommy\\.node\\corepack\\pnpm\\7.3.0\\dist\\pnpm.cjs:188039:7"
    }
  }
}